Change Component Designator: OldDesignator=R? NewDesignator=R3
Added Component: Designator=C2(CAPACITOR ELETROLITICO 5x11x2.54mm)
Added Component: Designator=C3(CAPACITOR ELETROLITICO 5x11x2.54mm)
Added Component: Designator=R4(AXIAL-0.4)
Added Pin To Net: NetName=VCC Pin=C2-1
Added Pin To Net: NetName=GND_4 Pin=C2-2
Added Pin To Net: NetName=VCC Pin=C3-1
Added Pin To Net: NetName=GND_4 Pin=C3-2
Added Pin To Net: NetName=3V3_1 Pin=NodeMCU-1-3V3
Added Pin To Net: NetName=3V3_1 Pin=NodeMCU-1-3V3
Added Pin To Net: NetName=3V3_1 Pin=NodeMCU-1-3V3
Added Pin To Net: NetName=3V3_3 Pin=NodeMCU-1-3V3
Added Pin To Net: NetName=3V3_3 Pin=NodeMCU-1-3V3
Added Pin To Net: NetName=3V3_3 Pin=NodeMCU-1-3V3
Added Pin To Net: NetName=GND_1 Pin=NodeMCU-1-GND
Added Pin To Net: NetName=GND_1 Pin=NodeMCU-1-GND
Added Pin To Net: NetName=GND_1 Pin=NodeMCU-1-GND
Added Pin To Net: NetName=GND_1 Pin=NodeMCU-1-GND
Added Pin To Net: NetName=GND_2 Pin=NodeMCU-1-GND
Added Pin To Net: NetName=GND_2 Pin=NodeMCU-1-GND
Added Pin To Net: NetName=GND_2 Pin=NodeMCU-1-GND
Added Pin To Net: NetName=GND_2 Pin=NodeMCU-1-GND
Added Pin To Net: NetName=GND_4 Pin=NodeMCU-1-GND
Added Pin To Net: NetName=GND_4 Pin=NodeMCU-1-GND
Added Pin To Net: NetName=GND_4 Pin=NodeMCU-1-GND
Added Pin To Net: NetName=GND_4 Pin=NodeMCU-1-GND
Added Pin To Net: NetName=RSV_2 Pin=NodeMCU-1-RSV
Added Pin To Net: NetName=RSV_2 Pin=NodeMCU-1-RSV
Added Pin To Net: NetName=VCC Pin=R3-1
Added Pin To Net: NetName=A0 Pin=R3-2
Added Pin To Net: NetName=A0 Pin=R4-1
Added Pin To Net: NetName=GND_4 Pin=R4-2
Added Member To Class: ClassName=WiFiCar Member=Component C2 Capacitor Eletrolitico
Added Member To Class: ClassName=WiFiCar Member=Component C3 Capacitor Eletrolitico
Added Member To Class: ClassName=WiFiCar Member=Component R4 Res2
