Added Component: Designator=HC-SR04(HDR1X4)
Added Pin To Net: NetName=3V3_1 Pin=NodeMCU-1-3V3
Added Pin To Net: NetName=3V3_1 Pin=NodeMCU-1-3V3
Added Pin To Net: NetName=3V3_1 Pin=NodeMCU-1-3V3
Added Pin To Net: NetName=3V3_3 Pin=NodeMCU-1-3V3
Added Pin To Net: NetName=3V3_3 Pin=NodeMCU-1-3V3
Added Pin To Net: NetName=3V3_3 Pin=NodeMCU-1-3V3
Added Pin To Net: NetName=GND_1 Pin=NodeMCU-1-GND
Added Pin To Net: NetName=GND_1 Pin=NodeMCU-1-GND
Added Pin To Net: NetName=GND_1 Pin=NodeMCU-1-GND
Added Pin To Net: NetName=GND_1 Pin=NodeMCU-1-GND
Added Pin To Net: NetName=GND_2 Pin=NodeMCU-1-GND
Added Pin To Net: NetName=GND_2 Pin=NodeMCU-1-GND
Added Pin To Net: NetName=GND_2 Pin=NodeMCU-1-GND
Added Pin To Net: NetName=GND_2 Pin=NodeMCU-1-GND
Added Pin To Net: NetName=GND_4 Pin=NodeMCU-1-GND
Added Pin To Net: NetName=GND_4 Pin=NodeMCU-1-GND
Added Pin To Net: NetName=GND_4 Pin=NodeMCU-1-GND
Added Pin To Net: NetName=GND_4 Pin=NodeMCU-1-GND
Added Pin To Net: NetName=RSV_2 Pin=NodeMCU-1-RSV
Added Pin To Net: NetName=RSV_2 Pin=NodeMCU-1-RSV
Added Net: Name=GND
Change Class Name : Old Net Name=Sheet1 New Net Name=WiFiCar
Added Member To Class: ClassName=WiFiCar Member=Component HC-SR04 Ultrasonic Sensor
Change Room Name: Old Name=Sheet1 New Name=WiFiCar
Change Room Scope: Old Scope=InComponentClass('Sheet1') New Scope=InComponentClass('WiFiCar')
